<?xml version="1.0" encoding="UTF-8"?>
<testsuite name="com.opent9.keyboard.TypingEngineIntegrationTest" tests="2" skipped="0" failures="0" errors="0" timestamp="2026-09-12T03:03:32" hostname="think-2a" time="1.675">
  <properties/>
  <testcase name="testEditorInfoRouting" classname="com.opent9.keyboard.TypingEngineIntegrationTest" time="1.581"/>
  <testcase name="testSpacebarScrubbingEvents" classname="com.opent9.keyboard.TypingEngineIntegrationTest" time="0.093"/>
  <system-out><![CDATA[]]></system-out>
  <system-err><![CDATA[]]></system-err>
</testsuite>
