<?xml version="1.0" encoding="UTF-8"?>
<testsuite name="com.opent9.keyboard.SystemKeysAndMultiTapTest" tests="3" skipped="0" failures="0" errors="0" timestamp="2026-09-12T03:03:27" hostname="think-2a" time="4.927">
  <properties/>
  <testcase name="testShiftStateTransitions" classname="com.opent9.keyboard.SystemKeysAndMultiTapTest" time="0.08"/>
  <testcase name="testDeleteControllerSurrogateAndRetroactive" classname="com.opent9.keyboard.SystemKeysAndMultiTapTest" time="4.674"/>
  <testcase name="testEnterKeyHandling" classname="com.opent9.keyboard.SystemKeysAndMultiTapTest" time="0.171"/>
  <system-out><![CDATA[]]></system-out>
  <system-err><![CDATA[WARNING: A Java agent has been loaded dynamically (/home/think/.gradle/caches/modules-2/files-2.1/net.bytebuddy/byte-buddy-agent/1.14.6/46e2545d7a97b6ccb195621650c5957279eb4812/byte-buddy-agent-1.14.6.jar)
WARNING: If a serviceability tool is in use, please run with -XX:+EnableDynamicAgentLoading to hide this warning
WARNING: If a serviceability tool is not in use, please run with -Djdk.instrument.traceUsage for more information
WARNING: Dynamic loading of agents will be disallowed by default in a future release
]]></system-err>
</testsuite>
